<?xml version="1.0" encoding="UTF-8"?>
<!-- Generated by org.testng.reporters.JUnitReportReporter -->
<testsuite skipped="0" hostname="HOME" name="Tests.jenkinstest" tests="1" failures="0" timestamp="05 Aug 2021 17:32:17 GMT" time="36.796" errors="0">
  <testcase name="show" time="36.796" classname="Tests.jenkinstest"/>
</testsuite> <!-- Tests.jenkinstest -->
